빌드 시작: 2011-06-19 오전 12:16:04
     1>2 노드의 "C:\Users\user\Documents\SVN\Term\Bowling\trunk\Source2\VrMath\VrMath.vcxproj" 프로젝트(build 대상)입니다.
     1>InitializeBuildStatus:
         "AlwaysCreate"이(가) 지정되었기 때문에 "Debug\VrMath.unsuccessfulbuild"을(를) 만들고 있습니다.
       ClCompile:
         C:\Program Files\Microsoft Visual Studio 10.0\VC\bin\CL.exe /c /ZI /nologo /W3 /WX- /Od /Oy- /D WIN32 /D _DEBUG /D _LIB /D _MBCS /Gm /EHsc /RTC1 /MD /GS /fp:precise /Zc:wchar_t /Zc:forScope /Fo"Debug\\" /Fd"Debug\vc100.pdb" /Gd /TP /analyze- /errorReport:prompt Aabb.cpp LinearR2.cpp LinearR3.cpp LinearR4.cpp Parallelepiped.cpp PolygonClip.cpp PolynomialRC.cpp Quaternion.cpp
         Quaternion.cpp
         PolynomialRC.cpp
         PolygonClip.cpp
         Parallelepiped.cpp
         LinearR4.cpp
         LinearR3.cpp
         LinearR2.cpp
         Aabb.cpp
         코드를 생성하고 있습니다...
       Lib:
         C:\Program Files\Microsoft Visual Studio 10.0\VC\bin\Lib.exe /OUT:"Debug\VrMath.lib" /NOLOGO Debug\Aabb.obj
         Debug\LinearR2.obj
         Debug\LinearR3.obj
         Debug\LinearR4.obj
         Debug\Parallelepiped.obj
         Debug\PolygonClip.obj
         Debug\PolynomialRC.obj
         Debug\Quaternion.obj
         VrMath.vcxproj -> C:\Users\user\Documents\SVN\Term\Bowling\trunk\Source2\VrMath\Debug\VrMath.lib
       FinalizeBuildStatus:
         "Debug\VrMath.unsuccessfulbuild" 파일을 삭제하고 있습니다.
         "Debug\VrMath.lastbuildstate"에 연결(touching)하고 있습니다.
     1>"C:\Users\user\Documents\SVN\Term\Bowling\trunk\Source2\VrMath\VrMath.vcxproj" 프로젝트를 빌드했습니다(build 대상).

빌드했습니다.

경과 시간: 00:00:04.68
